<?xml version="1.0" encoding="UTF-8"?>
<!-- Generated by org.testng.reporters.JUnitReportReporter -->
<testsuite hostname="DESKTOP-M101FJ5" failures="0" tests="5" name="com.lbrce.devops.UserValidationTest" time="0.042" errors="0" timestamp="2023-11-07T13:59:29 IST" skipped="0">
  <testcase classname="com.lbrce.devops.UserValidationTest" name="Test2" time="0.000"/>
  <testcase classname="com.lbrce.devops.UserValidationTest" name="Test1" time="0.039"/>
  <testcase classname="com.lbrce.devops.UserValidationTest" name="Test5" time="0.002"/>
  <testcase classname="com.lbrce.devops.UserValidationTest" name="Test4" time="0.000"/>
  <testcase classname="com.lbrce.devops.UserValidationTest" name="Test3" time="0.001"/>
</testsuite> <!-- com.lbrce.devops.UserValidationTest -->
